<?xml version="1.0" encoding="UTF-8"?>
<!-- Generated by org.testng.reporters.JUnitReportReporter -->
<testsuite skipped="0" hostname="DESKTOP-C1T3GP3" name="com.testcases.PerformTest" tests="1" failures="0" timestamp="27 Nov 2019 19:19:39 GMT" time="75.718" errors="0">
  <testcase name="CreateNotification" time="75.718" classname="com.testcases.PerformTest"/>
</testsuite> <!-- com.testcases.PerformTest -->
